This is pdfTeX, Version 3.1415926-2.3-1.40.12 (MiKTeX 2.9) (preloaded format=pdflatex 2012.10.15)  13 FEB 2013 10:50
entering extended mode
**document.tex document.tex
("C:\Users\Claudia Saxer\git\IDPA2012Amsterdam\IDPA2012_Document\document.tex"
LaTeX2e <2011/06/27>
Babel <v3.8m> and hyphenation patterns for english, afrikaans, ancientgreek, ar
abic, armenian, assamese, basque, bengali, bokmal, bulgarian, catalan, coptic, 
croatian, czech, danish, dutch, esperanto, estonian, farsi, finnish, french, ga
lician, german, german-x-2009-06-19, greek, gujarati, hindi, hungarian, iceland
ic, indonesian, interlingua, irish, italian, kannada, kurmanji, lao, latin, lat
vian, lithuanian, malayalam, marathi, mongolian, mongolianlmc, monogreek, ngerm
an, ngerman-x-2009-06-19, nynorsk, oriya, panjabi, pinyin, polish, portuguese, 
romanian, russian, sanskrit, serbian, slovak, slovenian, spanish, swedish, swis
sgerman, tamil, telugu, turkish, turkmen, ukenglish, ukrainian, uppersorbian, u
senglishmax, welsh, loaded.
("C:\Program Files (x86)\MiKTeX 2.9\tex\latex\base\article.cls"
Document Class: article 2007/10/19 v1.4h Standard LaTeX document class
("C:\Program Files (x86)\MiKTeX 2.9\tex\latex\base\size10.clo"
File: size10.clo 2007/10/19 v1.4h Standard LaTeX file (size option)
)
\c@part=\count79
\c@section=\count80
\c@subsection=\count81
\c@subsubsection=\count82
\c@paragraph=\count83
\c@subparagraph=\count84
\c@figure=\count85
\c@table=\count86
\abovecaptionskip=\skip41
\belowcaptionskip=\skip42
\bibindent=\dimen102
)
("C:\Program Files (x86)\MiKTeX 2.9\tex\latex\graphics\graphicx.sty"
Package: graphicx 1999/02/16 v1.0f Enhanced LaTeX Graphics (DPC,SPQR)

("C:\Program Files (x86)\MiKTeX 2.9\tex\latex\graphics\keyval.sty"
Package: keyval 1999/03/16 v1.13 key=value parser (DPC)
\KV@toks@=\toks14
)
("C:\Program Files (x86)\MiKTeX 2.9\tex\latex\graphics\graphics.sty"
Package: graphics 2009/02/05 v1.0o Standard LaTeX Graphics (DPC,SPQR)

("C:\Program Files (x86)\MiKTeX 2.9\tex\latex\graphics\trig.sty"
Package: trig 1999/03/16 v1.09 sin cos tan (DPC)
)
("C:\Program Files (x86)\MiKTeX 2.9\tex\latex\00miktex\graphics.cfg"
File: graphics.cfg 2007/01/18 v1.5 graphics configuration of teTeX/TeXLive
)
Package graphics Info: Driver file: pdftex.def on input line 91.

("C:\Program Files (x86)\MiKTeX 2.9\tex\latex\pdftex-def\pdftex.def"
File: pdftex.def 2011/05/27 v0.06d Graphics/color for pdfTeX

("C:\Program Files (x86)\MiKTeX 2.9\tex\generic\oberdiek\infwarerr.sty"
Package: infwarerr 2010/04/08 v1.3 Providing info/warning/error messages (HO)
)
("C:\Program Files (x86)\MiKTeX 2.9\tex\generic\oberdiek\ltxcmds.sty"
Package: ltxcmds 2011/11/09 v1.22 LaTeX kernel commands for general use (HO)
)
\Gread@gobject=\count87
))
\Gin@req@height=\dimen103
\Gin@req@width=\dimen104
)
("C:\Program Files (x86)\MiKTeX 2.9\tex\latex\base\inputenc.sty"
Package: inputenc 2008/03/30 v1.1d Input encoding file
\inpenc@prehook=\toks15
\inpenc@posthook=\toks16

("C:\Program Files (x86)\MiKTeX 2.9\tex\latex\base\utf8.def"
File: utf8.def 2008/04/05 v1.1m UTF-8 support for inputenc
Now handling font encoding OML ...
... no UTF-8 mapping file for font encoding OML
Now handling font encoding T1 ...
... processing UTF-8 mapping file for font encoding T1

("C:\Program Files (x86)\MiKTeX 2.9\tex\latex\base\t1enc.dfu"
File: t1enc.dfu 2008/04/05 v1.1m UTF-8 support for inputenc
   defining Unicode char U+00A1 (decimal 161)
   defining Unicode char U+00A3 (decimal 163)
   defining Unicode char U+00AB (decimal 171)
   defining Unicode char U+00BB (decimal 187)
   defining Unicode char U+00BF (decimal 191)
   defining Unicode char U+00C0 (decimal 192)
   defining Unicode char U+00C1 (decimal 193)
   defining Unicode char U+00C2 (decimal 194)
   defining Unicode char U+00C3 (decimal 195)
   defining Unicode char U+00C4 (decimal 196)
   defining Unicode char U+00C5 (decimal 197)
   defining Unicode char U+00C6 (decimal 198)
   defining Unicode char U+00C7 (decimal 199)
   defining Unicode char U+00C8 (decimal 200)
   defining Unicode char U+00C9 (decimal 201)
   defining Unicode char U+00CA (decimal 202)
   defining Unicode char U+00CB (decimal 203)
   defining Unicode char U+00CC (decimal 204)
   defining Unicode char U+00CD (decimal 205)
   defining Unicode char U+00CE (decimal 206)
   defining Unicode char U+00CF (decimal 207)
   defining Unicode char U+00D0 (decimal 208)
   defining Unicode char U+00D1 (decimal 209)
   defining Unicode char U+00D2 (decimal 210)
   defining Unicode char U+00D3 (decimal 211)
   defining Unicode char U+00D4 (decimal 212)
   defining Unicode char U+00D5 (decimal 213)
   defining Unicode char U+00D6 (decimal 214)
   defining Unicode char U+00D8 (decimal 216)
   defining Unicode char U+00D9 (decimal 217)
   defining Unicode char U+00DA (decimal 218)
   defining Unicode char U+00DB (decimal 219)
   defining Unicode char U+00DC (decimal 220)
   defining Unicode char U+00DD (decimal 221)
   defining Unicode char U+00DE (decimal 222)
   defining Unicode char U+00DF (decimal 223)
   defining Unicode char U+00E0 (decimal 224)
   defining Unicode char U+00E1 (decimal 225)
   defining Unicode char U+00E2 (decimal 226)
   defining Unicode char U+00E3 (decimal 227)
   defining Unicode char U+00E4 (decimal 228)
   defining Unicode char U+00E5 (decimal 229)
   defining Unicode char U+00E6 (decimal 230)
   defining Unicode char U+00E7 (decimal 231)
   defining Unicode char U+00E8 (decimal 232)
   defining Unicode char U+00E9 (decimal 233)
   defining Unicode char U+00EA (decimal 234)
   defining Unicode char U+00EB (decimal 235)
   defining Unicode char U+00EC (decimal 236)
   defining Unicode char U+00ED (decimal 237)
   defining Unicode char U+00EE (decimal 238)
   defining Unicode char U+00EF (decimal 239)
   defining Unicode char U+00F0 (decimal 240)
   defining Unicode char U+00F1 (decimal 241)
   defining Unicode char U+00F2 (decimal 242)
   defining Unicode char U+00F3 (decimal 243)
   defining Unicode char U+00F4 (decimal 244)
   defining Unicode char U+00F5 (decimal 245)
   defining Unicode char U+00F6 (decimal 246)
   defining Unicode char U+00F8 (decimal 248)
   defining Unicode char U+00F9 (decimal 249)
   defining Unicode char U+00FA (decimal 250)
   defining Unicode char U+00FB (decimal 251)
   defining Unicode char U+00FC (decimal 252)
   defining Unicode char U+00FD (decimal 253)
   defining Unicode char U+00FE (decimal 254)
   defining Unicode char U+00FF (decimal 255)
   defining Unicode char U+0102 (decimal 258)
   defining Unicode char U+0103 (decimal 259)
   defining Unicode char U+0104 (decimal 260)
   defining Unicode char U+0105 (decimal 261)
   defining Unicode char U+0106 (decimal 262)
   defining Unicode char U+0107 (decimal 263)
   defining Unicode char U+010C (decimal 268)
   defining Unicode char U+010D (decimal 269)
   defining Unicode char U+010E (decimal 270)
   defining Unicode char U+010F (decimal 271)
   defining Unicode char U+0110 (decimal 272)
   defining Unicode char U+0111 (decimal 273)
   defining Unicode char U+0118 (decimal 280)
   defining Unicode char U+0119 (decimal 281)
   defining Unicode char U+011A (decimal 282)
   defining Unicode char U+011B (decimal 283)
   defining Unicode char U+011E (decimal 286)
   defining Unicode char U+011F (decimal 287)
   defining Unicode char U+0130 (decimal 304)
   defining Unicode char U+0131 (decimal 305)
   defining Unicode char U+0132 (decimal 306)
   defining Unicode char U+0133 (decimal 307)
   defining Unicode char U+0139 (decimal 313)
   defining Unicode char U+013A (decimal 314)
   defining Unicode char U+013D (decimal 317)
   defining Unicode char U+013E (decimal 318)
   defining Unicode char U+0141 (decimal 321)
   defining Unicode char U+0142 (decimal 322)
   defining Unicode char U+0143 (decimal 323)
   defining Unicode char U+0144 (decimal 324)
   defining Unicode char U+0147 (decimal 327)
   defining Unicode char U+0148 (decimal 328)
   defining Unicode char U+014A (decimal 330)
   defining Unicode char U+014B (decimal 331)
   defining Unicode char U+0150 (decimal 336)
   defining Unicode char U+0151 (decimal 337)
   defining Unicode char U+0152 (decimal 338)
   defining Unicode char U+0153 (decimal 339)
   defining Unicode char U+0154 (decimal 340)
   defining Unicode char U+0155 (decimal 341)
   defining Unicode char U+0158 (decimal 344)
   defining Unicode char U+0159 (decimal 345)
   defining Unicode char U+015A (decimal 346)
   defining Unicode char U+015B (decimal 347)
   defining Unicode char U+015E (decimal 350)
   defining Unicode char U+015F (decimal 351)
   defining Unicode char U+0160 (decimal 352)
   defining Unicode char U+0161 (decimal 353)
   defining Unicode char U+0162 (decimal 354)
   defining Unicode char U+0163 (decimal 355)
   defining Unicode char U+0164 (decimal 356)
   defining Unicode char U+0165 (decimal 357)
   defining Unicode char U+016E (decimal 366)
   defining Unicode char U+016F (decimal 367)
   defining Unicode char U+0170 (decimal 368)
   defining Unicode char U+0171 (decimal 369)
   defining Unicode char U+0178 (decimal 376)
   defining Unicode char U+0179 (decimal 377)
   defining Unicode char U+017A (decimal 378)
   defining Unicode char U+017B (decimal 379)
   defining Unicode char U+017C (decimal 380)
   defining Unicode char U+017D (decimal 381)
   defining Unicode char U+017E (decimal 382)
   defining Unicode char U+200C (decimal 8204)
   defining Unicode char U+2013 (decimal 8211)
   defining Unicode char U+2014 (decimal 8212)
   defining Unicode char U+2018 (decimal 8216)
   defining Unicode char U+2019 (decimal 8217)
   defining Unicode char U+201A (decimal 8218)
   defining Unicode char U+201C (decimal 8220)
   defining Unicode char U+201D (decimal 8221)
   defining Unicode char U+201E (decimal 8222)
   defining Unicode char U+2030 (decimal 8240)
   defining Unicode char U+2031 (decimal 8241)
   defining Unicode char U+2039 (decimal 8249)
   defining Unicode char U+203A (decimal 8250)
   defining Unicode char U+2423 (decimal 9251)
)
Now handling font encoding OT1 ...
... processing UTF-8 mapping file for font encoding OT1

("C:\Program Files (x86)\MiKTeX 2.9\tex\latex\base\ot1enc.dfu"
File: ot1enc.dfu 2008/04/05 v1.1m UTF-8 support for inputenc
   defining Unicode char U+00A1 (decimal 161)
   defining Unicode char U+00A3 (decimal 163)
   defining Unicode char U+00B8 (decimal 184)
   defining Unicode char U+00BF (decimal 191)
   defining Unicode char U+00C5 (decimal 197)
   defining Unicode char U+00C6 (decimal 198)
   defining Unicode char U+00D8 (decimal 216)
   defining Unicode char U+00DF (decimal 223)
   defining Unicode char U+00E6 (decimal 230)
   defining Unicode char U+00EC (decimal 236)
   defining Unicode char U+00ED (decimal 237)
   defining Unicode char U+00EE (decimal 238)
   defining Unicode char U+00EF (decimal 239)
   defining Unicode char U+00F8 (decimal 248)
   defining Unicode char U+0131 (decimal 305)
   defining Unicode char U+0141 (decimal 321)
   defining Unicode char U+0142 (decimal 322)
   defining Unicode char U+0152 (decimal 338)
   defining Unicode char U+0153 (decimal 339)
   defining Unicode char U+2013 (decimal 8211)
   defining Unicode char U+2014 (decimal 8212)
   defining Unicode char U+2018 (decimal 8216)
   defining Unicode char U+2019 (decimal 8217)
   defining Unicode char U+201C (decimal 8220)
   defining Unicode char U+201D (decimal 8221)
)
Now handling font encoding OMS ...
... processing UTF-8 mapping file for font encoding OMS

("C:\Program Files (x86)\MiKTeX 2.9\tex\latex\base\omsenc.dfu"
File: omsenc.dfu 2008/04/05 v1.1m UTF-8 support for inputenc
   defining Unicode char U+00A7 (decimal 167)
   defining Unicode char U+00B6 (decimal 182)
   defining Unicode char U+00B7 (decimal 183)
   defining Unicode char U+2020 (decimal 8224)
   defining Unicode char U+2021 (decimal 8225)
   defining Unicode char U+2022 (decimal 8226)
)
Now handling font encoding OMX ...
... no UTF-8 mapping file for font encoding OMX
Now handling font encoding U ...
... no UTF-8 mapping file for font encoding U
   defining Unicode char U+00A9 (decimal 169)
   defining Unicode char U+00AA (decimal 170)
   defining Unicode char U+00AE (decimal 174)
   defining Unicode char U+00BA (decimal 186)
   defining Unicode char U+02C6 (decimal 710)
   defining Unicode char U+02DC (decimal 732)
   defining Unicode char U+200C (decimal 8204)
   defining Unicode char U+2026 (decimal 8230)
   defining Unicode char U+2122 (decimal 8482)
   defining Unicode char U+2423 (decimal 9251)
))
("C:\Program Files (x86)\MiKTeX 2.9\tex\generic\babel\babel.sty"
Package: babel 2008/07/08 v3.8m The Babel package

*************************************
* Local config file bblopts.cfg used
*
("C:\Program Files (x86)\MiKTeX 2.9\tex\latex\00miktex\bblopts.cfg"
File: bblopts.cfg 2006/07/31 v1.0 MiKTeX 'babel' configuration
)
("C:\Program Files (x86)\MiKTeX 2.9\tex\generic\babel\ngermanb.ldf"
Language: ngermanb 2008/07/06 v2.6n new German support from the babel system

("C:\Program Files (x86)\MiKTeX 2.9\tex\generic\babel\babel.def"
File: babel.def 2008/07/08 v3.8m Babel common definitions
\babel@savecnt=\count88
\U@D=\dimen105
)
\l@naustrian = a dialect from \language\l@ngerman 
Package babel Info: Making " an active character on input line 92.
))
("C:\Program Files (x86)\MiKTeX 2.9\tex\latex\amsfonts\amsfonts.sty"
Package: amsfonts 2009/06/22 v3.00 Basic AMSFonts support
\@emptytoks=\toks17
\symAMSa=\mathgroup4
\symAMSb=\mathgroup5
LaTeX Font Info:    Overwriting math alphabet `\mathfrak' in version `bold'
(Font)                  U/euf/m/n --> U/euf/b/n on input line 96.
)
("C:\Program Files (x86)\MiKTeX 2.9\tex\latex\hyperref\hyperref.sty"
Package: hyperref 2012/05/13 v6.82q Hypertext links for LaTeX

("C:\Program Files (x86)\MiKTeX 2.9\tex\generic\oberdiek\hobsub-hyperref.sty"
Package: hobsub-hyperref 2012/04/25 v1.12 Bundle oberdiek, subset hyperref (HO)


("C:\Program Files (x86)\MiKTeX 2.9\tex\generic\oberdiek\hobsub-generic.sty"
Package: hobsub-generic 2012/04/25 v1.12 Bundle oberdiek, subset generic (HO)
Package: hobsub 2012/04/25 v1.12 Construct package bundles (HO)
Package hobsub Info: Skipping package `infwarerr' (already loaded).
Package hobsub Info: Skipping package `ltxcmds' (already loaded).
Package: ifluatex 2010/03/01 v1.3 Provides the ifluatex switch (HO)
Package ifluatex Info: LuaTeX not detected.
Package: ifvtex 2010/03/01 v1.5 Detect VTeX and its facilities (HO)
Package ifvtex Info: VTeX not detected.
Package: intcalc 2007/09/27 v1.1 Expandable calculations with integers (HO)
Package: ifpdf 2011/01/30 v2.3 Provides the ifpdf switch (HO)
Package ifpdf Info: pdfTeX in PDF mode is detected.
Package: etexcmds 2011/02/16 v1.5 Avoid name clashes with e-TeX commands (HO)
Package etexcmds Info: Could not find \expanded.
(etexcmds)             That can mean that you are not using pdfTeX 1.50 or
(etexcmds)             that some package has redefined \expanded.
(etexcmds)             In the latter case, load this package earlier.
Package: kvsetkeys 2012/04/25 v1.16 Key value parser (HO)
Package: kvdefinekeys 2011/04/07 v1.3 Define keys (HO)
Package: pdftexcmds 2011/11/29 v0.20 Utility functions of pdfTeX for LuaTeX (HO
)
Package pdftexcmds Info: LuaTeX not detected.
Package pdftexcmds Info: \pdf@primitive is available.
Package pdftexcmds Info: \pdf@ifprimitive is available.
Package pdftexcmds Info: \pdfdraftmode found.
Package: pdfescape 2011/11/25 v1.13 Implements pdfTeX's escape features (HO)
Package: bigintcalc 2012/04/08 v1.3 Expandable calculations on big integers (HO
)
Package: bitset 2011/01/30 v1.1 Handle bit-vector datatype (HO)
Package: uniquecounter 2011/01/30 v1.2 Provide unlimited unique counter (HO)
)
Package hobsub Info: Skipping package `hobsub' (already loaded).
Package: letltxmacro 2010/09/02 v1.4 Let assignment for LaTeX macros (HO)
Package: hopatch 2011/06/24 v1.1 Wrapper for package hooks (HO)
Package: xcolor-patch 2011/01/30 xcolor patch
Package: atveryend 2011/06/30 v1.8 Hooks at the very end of document (HO)
Package atveryend Info: \enddocument detected (standard20110627).
Package: atbegshi 2011/10/05 v1.16 At begin shipout hook (HO)
Package: refcount 2011/10/16 v3.4 Data extraction from label references (HO)
Package: hycolor 2011/01/30 v1.7 Color options for hyperref/bookmark (HO)
)
("C:\Program Files (x86)\MiKTeX 2.9\tex\generic\ifxetex\ifxetex.sty"
Package: ifxetex 2010/09/12 v0.6 Provides ifxetex conditional
)
("C:\Program Files (x86)\MiKTeX 2.9\tex\latex\oberdiek\kvoptions.sty"
Package: kvoptions 2011/06/30 v3.11 Key value format for package options (HO)
)
\@linkdim=\dimen106
\Hy@linkcounter=\count89
\Hy@pagecounter=\count90

("C:\Program Files (x86)\MiKTeX 2.9\tex\latex\hyperref\pd1enc.def"
File: pd1enc.def 2012/05/13 v6.82q Hyperref: PDFDocEncoding definition (HO)
Now handling font encoding PD1 ...
... no UTF-8 mapping file for font encoding PD1
)
\Hy@SavedSpaceFactor=\count91

("C:\Program Files (x86)\MiKTeX 2.9\tex\latex\00miktex\hyperref.cfg"
File: hyperref.cfg 2002/06/06 v1.2 hyperref configuration of TeXLive
)
Package hyperref Info: Hyper figures OFF on input line 4062.
Package hyperref Info: Link nesting OFF on input line 4067.
Package hyperref Info: Hyper index ON on input line 4070.
Package hyperref Info: Plain pages OFF on input line 4077.
Package hyperref Info: Backreferencing OFF on input line 4082.
Package hyperref Info: Implicit mode ON; LaTeX internals redefined.
Package hyperref Info: Bookmarks ON on input line 4300.
\c@Hy@tempcnt=\count92

("C:\Program Files (x86)\MiKTeX 2.9\tex\latex\ltxmisc\url.sty"
\Urlmuskip=\muskip10
Package: url 2006/04/12  ver 3.3  Verb mode for urls, etc.
)
LaTeX Info: Redefining \url on input line 4653.
\Fld@menulength=\count93
\Field@Width=\dimen107
\Fld@charsize=\dimen108
Package hyperref Info: Hyper figures OFF on input line 5773.
Package hyperref Info: Link nesting OFF on input line 5778.
Package hyperref Info: Hyper index ON on input line 5781.
Package hyperref Info: backreferencing OFF on input line 5788.
Package hyperref Info: Link coloring OFF on input line 5793.
Package hyperref Info: Link coloring with OCG OFF on input line 5798.
Package hyperref Info: PDF/A mode OFF on input line 5803.
LaTeX Info: Redefining \ref on input line 5843.
LaTeX Info: Redefining \pageref on input line 5847.
\Hy@abspage=\count94
\c@Item=\count95
\c@Hfootnote=\count96
)

Package hyperref Message: Driver (autodetected): hpdftex.

("C:\Program Files (x86)\MiKTeX 2.9\tex\latex\hyperref\hpdftex.def"
File: hpdftex.def 2012/05/13 v6.82q Hyperref driver for pdfTeX
\Fld@listcount=\count97
\c@bookmark@seq@number=\count98

("C:\Program Files (x86)\MiKTeX 2.9\tex\latex\oberdiek\rerunfilecheck.sty"
Package: rerunfilecheck 2011/04/15 v1.7 Rerun checks for auxiliary files (HO)
Package uniquecounter Info: New unique counter `rerunfilecheck' on input line 2
82.
)
\Hy@SectionHShift=\skip43
)
("C:\Program Files (x86)\MiKTeX 2.9\tex\latex\ams\math\amsmath.sty"
Package: amsmath 2000/07/18 v2.13 AMS math features
\@mathmargin=\skip44

For additional information on amsmath, use the `?' option.
("C:\Program Files (x86)\MiKTeX 2.9\tex\latex\ams\math\amstext.sty"
Package: amstext 2000/06/29 v2.01

("C:\Program Files (x86)\MiKTeX 2.9\tex\latex\ams\math\amsgen.sty"
File: amsgen.sty 1999/11/30 v2.0
\@emptytoks=\toks18
\ex@=\dimen109
))
("C:\Program Files (x86)\MiKTeX 2.9\tex\latex\ams\math\amsbsy.sty"
Package: amsbsy 1999/11/29 v1.2d
\pmbraise@=\dimen110
)
("C:\Program Files (x86)\MiKTeX 2.9\tex\latex\ams\math\amsopn.sty"
Package: amsopn 1999/12/14 v2.01 operator names
)
\inf@bad=\count99
LaTeX Info: Redefining \frac on input line 211.
\uproot@=\count100
\leftroot@=\count101
LaTeX Info: Redefining \overline on input line 307.
\classnum@=\count102
\DOTSCASE@=\count103
LaTeX Info: Redefining \ldots on input line 379.
LaTeX Info: Redefining \dots on input line 382.
LaTeX Info: Redefining \cdots on input line 467.
\Mathstrutbox@=\box26
\strutbox@=\box27
\big@size=\dimen111
LaTeX Font Info:    Redeclaring font encoding OML on input line 567.
LaTeX Font Info:    Redeclaring font encoding OMS on input line 568.
\macc@depth=\count104
\c@MaxMatrixCols=\count105
\dotsspace@=\muskip11
\c@parentequation=\count106
\dspbrk@lvl=\count107
\tag@help=\toks19
\row@=\count108
\column@=\count109
\maxfields@=\count110
\andhelp@=\toks20
\eqnshift@=\dimen112
\alignsep@=\dimen113
\tagshift@=\dimen114
\tagwidth@=\dimen115
\totwidth@=\dimen116
\lineht@=\dimen117
\@envbody=\toks21
\multlinegap=\skip45
\multlinetaggap=\skip46
\mathdisplay@stack=\toks22
LaTeX Info: Redefining \[ on input line 2666.
LaTeX Info: Redefining \] on input line 2667.
)
("C:\Program Files (x86)\MiKTeX 2.9\tex\latex\amsfonts\amssymb.sty"
Package: amssymb 2009/06/22 v3.00
)
("C:\Users\Claudia Saxer\AppData\Roaming\MiKTeX\2.9\tex\latex\natbib\natbib.sty
"
Package: natbib 2010/09/13 8.31b (PWD, AO)
\bibhang=\skip47
\bibsep=\skip48
LaTeX Info: Redefining \cite on input line 694.
\c@NAT@ctr=\count111
) ("C:\Users\Claudia Saxer\git\IDPA2012Amsterdam\IDPA2012_Document\document.aux
"
("C:\Users\Claudia Saxer\git\IDPA2012Amsterdam\IDPA2012_Document\titelblatt.aux
") ("C:\Users\Claudia Saxer\git\IDPA2012Amsterdam\IDPA2012_Document\vorwort.aux
") ("C:\Users\Claudia Saxer\git\IDPA2012Amsterdam\IDPA2012_Document\abstract.au
x")
("C:\Users\Claudia Saxer\git\IDPA2012Amsterdam\IDPA2012_Document\einleitung.aux
")
("C:\Users\Claudia Saxer\git\IDPA2012Amsterdam\IDPA2012_Document\hauptteil.aux"
)
("C:\Users\Claudia Saxer\git\IDPA2012Amsterdam\IDPA2012_Document\schlusswort.au
x") ("C:\Users\Claudia Saxer\git\IDPA2012Amsterdam\IDPA2012_Document\glossar.au
x")
("C:\Users\Claudia Saxer\git\IDPA2012Amsterdam\IDPA2012_Document\abkuerzungen.a
ux") ("C:\Users\Claudia Saxer\git\IDPA2012Amsterdam\IDPA2012_Document\anhang.au
x")
("C:\Users\Claudia Saxer\git\IDPA2012Amsterdam\IDPA2012_Document\reflexion.aux"
)
("C:\Users\Claudia Saxer\git\IDPA2012Amsterdam\IDPA2012_Document\deklaration.au
x"))
LaTeX Font Info:    Checking defaults for OML/cmm/m/it on input line 14.
LaTeX Font Info:    ... okay on input line 14.
LaTeX Font Info:    Checking defaults for T1/cmr/m/n on input line 14.
LaTeX Font Info:    ... okay on input line 14.
LaTeX Font Info:    Checking defaults for OT1/cmr/m/n on input line 14.
LaTeX Font Info:    ... okay on input line 14.
LaTeX Font Info:    Checking defaults for OMS/cmsy/m/n on input line 14.
LaTeX Font Info:    ... okay on input line 14.
LaTeX Font Info:    Checking defaults for OMX/cmex/m/n on input line 14.
LaTeX Font Info:    ... okay on input line 14.
LaTeX Font Info:    Checking defaults for U/cmr/m/n on input line 14.
LaTeX Font Info:    ... okay on input line 14.
LaTeX Font Info:    Checking defaults for PD1/pdf/m/n on input line 14.
LaTeX Font Info:    ... okay on input line 14.
 ("C:\Program Files (x86)\MiKTeX 2.9\tex\context\base\supp-pdf.mkii"
[Loading MPS to PDF converter (version 2006.09.02).]
\scratchcounter=\count112
\scratchdimen=\dimen118
\scratchbox=\box28
\nofMPsegments=\count113
\nofMParguments=\count114
\everyMPshowfont=\toks23
\MPscratchCnt=\count115
\MPscratchDim=\dimen119
\MPnumerator=\count116
\makeMPintoPDFobject=\count117
\everyMPtoPDFconversion=\toks24
)
\AtBeginShipoutBox=\box29
Package hyperref Info: Link coloring OFF on input line 14.
 ("C:\Program Files (x86)\MiKTeX 2.9\tex\latex\hyperref\nameref.sty"
Package: nameref 2010/04/30 v2.40 Cross-referencing by name of section

("C:\Program Files (x86)\MiKTeX 2.9\tex\generic\oberdiek\gettitlestring.sty"
Package: gettitlestring 2010/12/03 v1.4 Cleanup title references (HO)
)
\c@section@level=\count118
)
LaTeX Info: Redefining \ref on input line 14.
LaTeX Info: Redefining \pageref on input line 14.
LaTeX Info: Redefining \nameref on input line 14.

("C:\Users\Claudia Saxer\git\IDPA2012Amsterdam\IDPA2012_Document\document.out")
("C:\Users\Claudia Saxer\git\IDPA2012Amsterdam\IDPA2012_Document\document.out")
\@outlinefile=\write3
("C:\Users\Claudia Saxer\git\IDPA2012Amsterdam\IDPA2012_Document\titelblatt.tex
" <titelbild.jpg, id=175, 127.76303pt x 85.17535pt>
File: titelbild.jpg Graphic file (type jpg)
 <use titelbild.jpg>
Package pdftex.def Info: titelbild.jpg used on input line 19.
(pdftex.def)             Requested size: 345.0pt x 230.022pt.
LaTeX Font Info:    Try loading font information for U+msa on input line 33.

("C:\Program Files (x86)\MiKTeX 2.9\tex\latex\amsfonts\umsa.fd"
File: umsa.fd 2009/06/22 v3.00 AMS symbols A
)
LaTeX Font Info:    Try loading font information for U+msb on input line 33.

("C:\Program Files (x86)\MiKTeX 2.9\tex\latex\amsfonts\umsb.fd"
File: umsb.fd 2009/06/22 v3.00 AMS symbols B
) [1


{C:/Users/Claudia Saxer/AppData/Local/MiKTeX/2.9/pdftex/config/pdftex.map} <C:/
Users/Claudia Saxer/git/IDPA2012Amsterdam/IDPA2012_Document/titelbild.jpg>])
("C:\Users\Claudia Saxer\git\IDPA2012Amsterdam\IDPA2012_Document\document.toc"p
dfTeX warning (ext4): destination with the same identifier (name{page.1}) has b
een already used, duplicate ignored
<to be read again> 
                   \relax 
l.25 ...ne {13}Multy-Layer Safety}{17}{section.13}
                                                   [1

])
\tf@toc=\write4
 [2]
("C:\Users\Claudia Saxer\git\IDPA2012Amsterdam\IDPA2012_Document\vorwort.tex")
[3

]
("C:\Users\Claudia Saxer\git\IDPA2012Amsterdam\IDPA2012_Document\abstract.tex")
[4


]
("C:\Users\Claudia Saxer\git\IDPA2012Amsterdam\IDPA2012_Document\einleitung.tex
"
LaTeX Font Info:    Try loading font information for OMS+cmr on input line 32.
 ("C:\Program Files (x86)\MiKTeX 2.9\tex\latex\base\omscmr.fd"
File: omscmr.fd 1999/05/25 v2.5h Standard LaTeX font definitions
)
LaTeX Font Info:    Font shape `OMS/cmr/m/n' in size <10> not available
(Font)              Font shape `OMS/cmsy/m/n' tried instead on input line 32.
) [5


]
("C:\Users\Claudia Saxer\git\IDPA2012Amsterdam\IDPA2012_Document\hauptteil.tex"
[6


] [7] [8] [9] [10] [11] [12]
("C:\Users\Claudia Saxer\git\IDPA2012Amsterdam\IDPA2012_Document\hauptteil/info
rmierung/notfallplan/risikokarte.tex"
Underfull \hbox (badness 10000) in paragraph at lines 1--7

 []

[13]
Underfull \hbox (badness 2005) in paragraph at lines 83--87
\OT1/cmr/m/n/10 Schalten Sie den ram-pen-zen-der [Ra-dio-sen-der f[]ur Ka-ta-st
ro-
 []


Underfull \hbox (badness 10000) in paragraph at lines 58--98

 []


Overfull \hbox (16.30542pt too wide) in paragraph at lines 58--98
[] 
 []


Underfull \hbox (badness 10000) in paragraph at lines 58--98

 []


Underfull \hbox (badness 10000) in paragraph at lines 58--98

 []


Underfull \hbox (badness 10000) in paragraph at lines 58--98

 []


Underfull \hbox (badness 10000) in paragraph at lines 58--98

 []

[14]) [15]
("C:\Users\Claudia Saxer\git\IDPA2012Amsterdam\IDPA2012_Document\hauptteil/info
rmierung/umfrage/umfrage.tex"
Underfull \hbox (badness 10000) in paragraph at lines 2--32

 []


Underfull \hbox (badness 10000) in paragraph at lines 2--32

 []


Underfull \hbox (badness 10000) in paragraph at lines 2--32

 []


Underfull \hbox (badness 10000) in paragraph at lines 2--32

 []


Underfull \hbox (badness 10000) in paragraph at lines 2--32

 []


Underfull \hbox (badness 10000) in paragraph at lines 2--32

 []


Underfull \hbox (badness 10000) in paragraph at lines 2--32

 []


Underfull \hbox (badness 10000) in paragraph at lines 2--32

 []


Underfull \hbox (badness 10000) in paragraph at lines 2--32

 []


Underfull \hbox (badness 10000) in paragraph at lines 2--32

 []

) [16]
("C:\Users\Claudia Saxer\git\IDPA2012Amsterdam\IDPA2012_Document\hauptteil/mass
nahmen/sicherheitsmassnahmen.tex"
Underfull \hbox (badness 10000) in paragraph at lines 1--15

 []


Overfull \hbox (4.58505pt too wide) in paragraph at lines 1--15
\OT1/cmr/m/n/10 schafts-verb[]ande war-ten und kon-trol-lie-ren ge-mein-sam Dei
-che, D[]amme und D[]unen.
 []

)
("C:\Users\Claudia Saxer\git\IDPA2012Amsterdam\IDPA2012_Document\hauptteil/mass
nahmen/multy-layer_safety.tex")
("C:\Users\Claudia Saxer\git\IDPA2012Amsterdam\IDPA2012_Document\hauptteil/mass
nahmen/multy-layer/schwimmende_haeuser.tex")
("C:\Users\Claudia Saxer\git\IDPA2012Amsterdam\IDPA2012_Document\hauptteil/mass
nahmen/multy-layer/wurten.tex"
Underfull \hbox (badness 10000) in paragraph at lines 1--1

 []


Underfull \hbox (badness 10000) in paragraph at lines 1--1

 []


Underfull \hbox (badness 10000) in paragraph at lines 1--1

 []


Overfull \hbox (22.86406pt too wide) in paragraph at lines 1--1
\OT1/cmr/m/n/10 TODO Quel-le: http://www.spiegel.de/wissenschaft/technik/klimaw
andel-in-holland-
 []

)
("C:\Users\Claudia Saxer\git\IDPA2012Amsterdam\IDPA2012_Document\hauptteil/mass
nahmen/multy-layer/polder-abschottung.tex")
("C:\Users\Claudia Saxer\git\IDPA2012Amsterdam\IDPA2012_Document\hauptteil/mass
nahmen/multy-layer/evakuierung.tex") [17] [18] [19] [20] [21]) [22]
("C:\Users\Claudia Saxer\git\IDPA2012Amsterdam\IDPA2012_Document\schlusswort.te
x") [23


]
("C:\Users\Claudia Saxer\git\IDPA2012Amsterdam\IDPA2012_Document\glossar.tex")
Overfull \hbox (2.75723pt too wide) in paragraph at lines 2--22
[]\OT1/cmr/m/n/10 Die im Glossar auf-gef[]uhrten Fach-be-grif-fe sind al-pha-be
-tisch ge-ord-net. Das Glossar
 []

[24


]
("C:\Users\Claudia Saxer\git\IDPA2012Amsterdam\IDPA2012_Document\abkuerzungen.t
ex") [25


]
("C:\Users\Claudia Saxer\git\IDPA2012Amsterdam\IDPA2012_Document\anhang.tex")
[26


]
("C:\Users\Claudia Saxer\git\IDPA2012Amsterdam\IDPA2012_Document\reflexion.tex"
) [27


]
("C:\Users\Claudia Saxer\git\IDPA2012Amsterdam\IDPA2012_Document\deklaration.te
x")
Overfull \hbox (9.19614pt too wide) in paragraph at lines 5--26
[]\OT1/cmr/m/n/10 Hiermit er-kl[]aren wir, dass wir die vor-lie-gen-de in-ter-d
is-zi-plin[]are Ar-beit selbstst[]andig
 []


Underfull \hbox (badness 10000) in paragraph at lines 5--26

 []

[28


]
("C:\Users\Claudia Saxer\git\IDPA2012Amsterdam\IDPA2012_Document\document.bbl"
Underfull \hbox (badness 2837) in paragraph at lines 4--10
[][]\OT1/cmr/m/n/10 Holger Dam-beck.  Kli-ma-wan-del in hol-land: Woh-nen in eb
be-und-
 []


Underfull \hbox (badness 10000) in paragraph at lines 4--10
\OT1/cmr/m/n/10 flut-h[]ausern.  []$\OT1/cmtt/m/n/10 http : / / www . spiegel .
 de / wissenschaft / technik /
 []


Overfull \hbox (16.80261pt too wide) in paragraph at lines 4--10
\OT1/cmtt/m/n/10 klimawandel-[]in-[]holland-[]wohnen-[]in-[]ebbe-[]und-[]flut-[
]haeusern-[]a-[]800897 .
 []


Underfull \hbox (badness 4266) in paragraph at lines 18--23
\OT1/cmtt/m/n/10 de / panorama / deich-[]undicht-[]niederlande-[]in-[]not-[]a-[
]807633 . html$[]\OT1/cmr/m/n/10 , 01
 []


Underfull \hbox (badness 10000) in paragraph at lines 25--31
\OT1/cmtt/m/n/10 tanamatales . com / wp-[]content / uploads / 2011 / 12 / amste
rdam-[]foto . jpg$[]\OT1/cmr/m/n/10 ,
 []


Underfull \hbox (badness 1831) in paragraph at lines 33--39
[][]\OT1/cmr/m/n/10 Jasper van den Heu-vel.  Multi-layer co-ope-ra-ti-on in flo
od ma-na-ge-
 []


Underfull \hbox (badness 4608) in paragraph at lines 41--47
[][]\OT1/cmr/m/n/10 NiederlandeNet Westf[]alische Wilhelms-Universit[]at M[]uns
ter.  Hoch-
 []


Underfull \hbox (badness 3386) in paragraph at lines 41--47
\OT1/cmr/m/n/10 was-ser: Rund 800 an-woh-ner im nor-den der nie-der-lan-de eva-
ku-iert.
 []


Underfull \hbox (badness 10000) in paragraph at lines 41--47
[]$\OT1/cmtt/m/n/10 http : / / www . uni-[]muenster . de / NiederlandeNet / akt
uelles / archiv /
 []

)
Package atveryend Info: Empty hook `BeforeClearDocument' on input line 31.
 [29

]
Package atveryend Info: Empty hook `AfterLastShipout' on input line 31.

("C:\Users\Claudia Saxer\git\IDPA2012Amsterdam\IDPA2012_Document\document.aux"
("C:\Users\Claudia Saxer\git\IDPA2012Amsterdam\IDPA2012_Document\titelblatt.aux
") ("C:\Users\Claudia Saxer\git\IDPA2012Amsterdam\IDPA2012_Document\vorwort.aux
") ("C:\Users\Claudia Saxer\git\IDPA2012Amsterdam\IDPA2012_Document\abstract.au
x")
("C:\Users\Claudia Saxer\git\IDPA2012Amsterdam\IDPA2012_Document\einleitung.aux
")
("C:\Users\Claudia Saxer\git\IDPA2012Amsterdam\IDPA2012_Document\hauptteil.aux"
)
("C:\Users\Claudia Saxer\git\IDPA2012Amsterdam\IDPA2012_Document\schlusswort.au
x") ("C:\Users\Claudia Saxer\git\IDPA2012Amsterdam\IDPA2012_Document\glossar.au
x")
("C:\Users\Claudia Saxer\git\IDPA2012Amsterdam\IDPA2012_Document\abkuerzungen.a
ux") ("C:\Users\Claudia Saxer\git\IDPA2012Amsterdam\IDPA2012_Document\anhang.au
x")
("C:\Users\Claudia Saxer\git\IDPA2012Amsterdam\IDPA2012_Document\reflexion.aux"
)
("C:\Users\Claudia Saxer\git\IDPA2012Amsterdam\IDPA2012_Document\deklaration.au
x"))
Package atveryend Info: Executing hook `AtVeryEndDocument' on input line 31.
Package atveryend Info: Executing hook `AtEndAfterFileList' on input line 31.
Package rerunfilecheck Info: File `document.out' has not changed.
(rerunfilecheck)             Checksum: 43A2C9C9BB928039A17B6BB1E2807112;2477.
Package atveryend Info: Empty hook `AtVeryVeryEnd' on input line 31.
 ) 
Here is how much of TeX's memory you used:
 6854 strings out of 494045
 101785 string characters out of 3145944
 188000 words of memory out of 3000000
 9869 multiletter control sequences out of 15000+200000
 12282 words of font info for 47 fonts, out of 3000000 for 9000
 715 hyphenation exceptions out of 8191
 29i,9n,30p,513b,451s stack positions out of 5000i,500n,10000p,200000b,50000s
<C:/Program Files (x86)/MiKTeX 2.9/fonts/type1/public/amsfonts/cm/cmbx10.pfb>
<C:/Program Files (x86)/MiKTeX 2.9/fonts/type1/public/amsfonts/cm/cmbx12.pfb><C
:/Program Files (x86)/MiKTeX 2.9/fonts/type1/public/amsfonts/cm/cmcsc10.pfb><C:
/Program Files (x86)/MiKTeX 2.9/fonts/type1/public/amsfonts/cm/cmr10.pfb><C:/Pr
ogram Files (x86)/MiKTeX 2.9/fonts/type1/public/amsfonts/cm/cmr12.pfb><C:/Progr
am Files (x86)/MiKTeX 2.9/fonts/type1/public/amsfonts/cm/cmr6.pfb><C:/Program F
iles (x86)/MiKTeX 2.9/fonts/type1/public/amsfonts/cm/cmr7.pfb><C:/Program Files
 (x86)/MiKTeX 2.9/fonts/type1/public/amsfonts/cm/cmr8.pfb><C:/Program Files (x8
6)/MiKTeX 2.9/fonts/type1/public/amsfonts/cm/cmsy10.pfb><C:/Program Files (x86)
/MiKTeX 2.9/fonts/type1/public/amsfonts/cm/cmti12.pfb><C:/Program Files (x86)/M
iKTeX 2.9/fonts/type1/public/amsfonts/cm/cmtt10.pfb>
Output written on document.pdf (30 pages, 504999 bytes).
PDF statistics:
 455 PDF objects out of 1000 (max. 8388607)
 88 named destinations out of 1000 (max. 500000)
 350 words of extra memory for PDF output out of 10000 (max. 10000000)

