\BOOKMARK [0][-]{part.1}{I Vorwort}{}% 1
\BOOKMARK [1][-]{section.1}{Danksagung}{part.1}% 2
\BOOKMARK [0][-]{part.2}{II Abstract}{}% 3
\BOOKMARK [0][-]{part.3}{III Einleitung}{}% 4
\BOOKMARK [0][-]{part.4}{IV Flutkatastophe 1953}{}% 5
\BOOKMARK [1][-]{section.2}{Ablauf}{part.4}% 6
\BOOKMARK [1][-]{section.3}{Folgen}{part.4}% 7
\BOOKMARK [1][-]{section.4}{Wiederaufbau}{part.4}% 8
\BOOKMARK [0][-]{part.5}{V Delta Werke}{}% 9
\BOOKMARK [1][-]{section.5}{\334berblick}{part.5}% 10
\BOOKMARK [1][-]{section.6}{Oosterschelde-Sturmflutwehr}{part.5}% 11
\BOOKMARK [1][-]{section.7}{Maeslant-Sturmflutwehr}{part.5}% 12
\BOOKMARK [1][-]{section.8}{Zuk\374nftig geplannte Erweiterungen}{part.5}% 13
\BOOKMARK [0][-]{part.6}{VI Informierung der Bev\366lkerung}{}% 14
\BOOKMARK [1][-]{section.9}{Notfallplan}{part.6}% 15
\BOOKMARK [1][-]{section.10}{Kampagnen}{part.6}% 16
\BOOKMARK [1][-]{section.11}{Umfragen}{part.6}% 17
\BOOKMARK [0][-]{part.7}{VII Worst-Case Szenario}{}% 18
\BOOKMARK [1][-]{section.12}{Wirtschaftliche Folgen}{part.7}% 19
\BOOKMARK [1][-]{section.13}{Personensch\344den}{part.7}% 20
\BOOKMARK [1][-]{section.14}{Wiederaufbau}{part.7}% 21
\BOOKMARK [1][-]{section.15}{Bev\366lkerungsschutz}{part.7}% 22
\BOOKMARK [0][-]{part.8}{VIII Schlusswort}{}% 23
\BOOKMARK [0][-]{part.9}{IX Glossar}{}% 24
\BOOKMARK [0][-]{part.10}{X Abkuerzungen}{}% 25
\BOOKMARK [0][-]{part.11}{XI Quellen}{}% 26
\BOOKMARK [0][-]{part.12}{XII Anhang}{}% 27
\BOOKMARK [0][-]{part.13}{XIII Reflexion}{}% 28
\BOOKMARK [0][-]{part.14}{XIV Deklaration}{}% 29
\BOOKMARK [1][-]{section.16}{Beispiel}{part.14}% 30
